#
# There is insufficient memory for the Java Runtime Environment to continue.
# Native memory allocation (mmap) failed to map 268435456 bytes for G1 virtual space
# Possible reasons:
#   The system is out of physical RAM or swap space
#   The process is running with CompressedOops enabled, and the Java Heap may be blocking the growth of the native heap
# Possible solutions:
#   Reduce memory load on the system
#   Increase physical memory or swap space
#   Check if swap backing store is full
#   Decrease Java heap size (-Xmx/-Xms)
#   Decrease number of Java threads
#   Decrease Java thread stack sizes (-Xss)
#   Set larger code cache with -XX:ReservedCodeCacheSize=
#   JVM is running with Zero Based Compressed Oops mode in which the Java heap is
#     placed in the first 32GB address space. The Java Heap base address is the
#     maximum limit for the native heap growth. Please use -XX:HeapBaseMinAddress
#     to set the Java Heap base and to place the Java Heap above 32GB virtual address.
# This output file may be truncated or incomplete.
#
#  Out of Memory Error (os_windows.cpp:3600), pid=3520, tid=16604
#
# JRE version:  (21.0.1+12) (build )
# Java VM: Java HotSpot(TM) 64-Bit Server VM (21.0.1+12-LTS-29, mixed mode, sharing, tiered, compressed oops, compressed class ptrs, g1 gc, windows-amd64)
# No core dump will be written. Minidumps are not enabled by default on client versions of Windows
#

---------------  S U M M A R Y ------------

Command Line: -Dfile.encoding=UTF-8 -Dstdout.encoding=UTF-8 -Dstderr.encoding=UTF-8 -XX:+ShowCodeDetailsInExceptionMessages ui.Application

Host: AMD Ryzen 5 1600 Six-Core Processor            , 12 cores, 15G,  Windows 10 , 64 bit Build 19041 (10.0.19041.3636)
Time: Sat Apr 27 16:37:22 2024 Central Europe Daylight Time elapsed time: 0.015772 seconds (0d 0h 0m 0s)

---------------  T H R E A D  ---------------

Current thread (0x0000017d5abeb730):  JavaThread "Unknown thread" [_thread_in_vm, id=16604, stack(0x000000271f800000,0x000000271f900000) (1024K)]

Stack: [0x000000271f800000,0x000000271f900000]
Native frames: (J=compiled Java code, j=interpreted, Vv=VM code, C=native code)
V  [jvm.dll+0x6c9029]
V  [jvm.dll+0x854b81]
V  [jvm.dll+0x856e5e]
V  [jvm.dll+0x857543]
V  [jvm.dll+0x280c06]
V  [jvm.dll+0x6c5715]
V  [jvm.dll+0x6ba10a]
V  [jvm.dll+0x3557ea]
V  [jvm.dll+0x35d436]
V  [jvm.dll+0x3ae1be]
V  [jvm.dll+0x3ae468]
V  [jvm.dll+0x3291fc]
V  [jvm.dll+0x329d8b]
V  [jvm.dll+0x81d179]
V  [jvm.dll+0x3bb4f1]
V  [jvm.dll+0x805ae8]
V  [jvm.dll+0x44effe]
V  [jvm.dll+0x450901]
C  [jli.dll+0x52a3]
C  [ucrtbase.dll+0x21bb2]
C  [KERNEL32.DLL+0x17344]
C  [ntdll.dll+0x526b1]


---------------  P R O C E S S  ---------------

Threads class SMR info:
_java_thread_list=0x00007ff824179b88, length=0, elements={
}

Java Threads: ( => current thread )
Total: 0

Other Threads:
  0x0000017d5ce0f520 WorkerThread "GC Thread#0"                     [id=10204, stack(0x000000271f900000,0x000000271fa00000) (1024K)]
  0x0000017d5ce20d90 ConcurrentGCThread "G1 Main Marker"            [id=10888, stack(0x000000271fa00000,0x000000271fb00000) (1024K)]
  0x0000017d5ce220a0 WorkerThread "G1 Conc#0"                       [id=17640, stack(0x000000271fb00000,0x000000271fc00000) (1024K)]

[error occurred during error reporting (printing all threads), id 0xc0000005, EXCEPTION_ACCESS_VIOLATION (0xc0000005) at pc=0x00007ff8238ec2c7]
VM state: not at safepoint (not fully initialized)

VM Mutex/Monitor currently owned by a thread:  ([mutex/lock_event])
[0x00007ff8241ea6f8] Heap_lock - owner thread: 0x0000017d5abeb730

Heap address: 0x0000000700c00000, size: 4084 MB, Compressed Oops mode: Zero based, Oop shift amount: 3

CDS archive(s) mapped at: [0x0000000000000000-0x0000000000000000-0x0000000000000000), size 0, SharedBaseAddress: 0x0000000800000000, ArchiveRelocationMode: 1.
Narrow klass base: 0x0000000000000000, Narrow klass shift: 0, Narrow klass range: 0x0

GC Precious Log:
 CardTable entry size: 512
 Card Set container configuration: InlinePtr #cards 4 size 8 Array Of Cards #cards 16 size 48 Howl #buckets 8 coarsen threshold 3686 Howl Bitmap #cards 512 size 80 coarsen threshold 460 Card regions per heap region 1 cards per card region 4096

Heap:
 garbage-first heap   total 0K, used 0K [0x0000000700c00000, 0x0000000800000000)
  region size 2048K, 0 young (0K), 0 survivors (0K)

[error occurred during error reporting (printing heap information), id 0xc0000005, EXCEPTION_ACCESS_VIOLATION (0xc0000005) at pc=0x00007ff823cd1be9]
GC Heap History (0 events):
No events

Dll operation events (1 events):
Event: 0.010 Loaded shared library C:\Program Files\Java\jdk-21\bin\java.dll

Deoptimization events (0 events):
No events

Classes loaded (0 events):
No events

Classes unloaded (0 events):
No events

Classes redefined (0 events):
No events

Internal exceptions (0 events):
No events

ZGC Phase Switch (0 events):
No events

VM Operations (0 events):
No events

Events (0 events):
No events


Dynamic libraries:
0x00007ff737b20000 - 0x00007ff737b30000 	C:\Program Files\Java\jdk-21\bin\javaw.exe
0x00007ff8aa830000 - 0x00007ff8aaa28000 	C:\WINDOWS\SYSTEM32\ntdll.dll
0x00007ff8a8860000 - 0x00007ff8a891d000 	C:\WINDOWS\System32\KERNEL32.DLL
0x00007ff8a8070000 - 0x00007ff8a8366000 	C:\WINDOWS\System32\KERNELBASE.dll
0x00007ff8a83e0000 - 0x00007ff8a84e0000 	C:\WINDOWS\System32\ucrtbase.dll
0x00007ff851ee0000 - 0x00007ff851ef9000 	C:\Program Files\Java\jdk-21\bin\jli.dll
0x00007ff851ec0000 - 0x00007ff851edb000 	C:\Program Files\Java\jdk-21\bin\VCRUNTIME140.dll
0x00007ff8a9040000 - 0x00007ff8a90f0000 	C:\WINDOWS\System32\ADVAPI32.dll
0x00007ff8a95c0000 - 0x00007ff8a965e000 	C:\WINDOWS\System32\msvcrt.dll
0x00007ff8a8920000 - 0x00007ff8a89c0000 	C:\WINDOWS\System32\sechost.dll
0x00007ff8aa010000 - 0x00007ff8aa133000 	C:\WINDOWS\System32\RPCRT4.dll
0x00007ff8a7f80000 - 0x00007ff8a7fa7000 	C:\WINDOWS\System32\bcrypt.dll
0x00007ff8a8ea0000 - 0x00007ff8a903f000 	C:\WINDOWS\System32\USER32.dll
0x00007ff8a8040000 - 0x00007ff8a8062000 	C:\WINDOWS\System32\win32u.dll
0x00007ff898890000 - 0x00007ff898b2a000 	C:\WINDOWS\WinSxS\amd64_microsoft.windows.common-controls_6595b64144ccf1df_6.0.19041.3636_none_60b6a03d71f818d5\COMCTL32.dll
0x00007ff8a9ed0000 - 0x00007ff8a9efb000 	C:\WINDOWS\System32\GDI32.dll
0x00007ff8a84e0000 - 0x00007ff8a85f7000 	C:\WINDOWS\System32\gdi32full.dll
0x00007ff8a7ee0000 - 0x00007ff8a7f7d000 	C:\WINDOWS\System32\msvcp_win.dll
0x00007ff8a05e0000 - 0x00007ff8a05ea000 	C:\WINDOWS\SYSTEM32\VERSION.dll
0x00007ff8a9f00000 - 0x00007ff8a9f32000 	C:\WINDOWS\System32\IMM32.DLL
0x00007ff89a800000 - 0x00007ff89a80c000 	C:\Program Files\Java\jdk-21\bin\vcruntime140_1.dll
0x00007ff825040000 - 0x00007ff8250ce000 	C:\Program Files\Java\jdk-21\bin\msvcp140.dll
0x00007ff8235b0000 - 0x00007ff8242c5000 	C:\Program Files\Java\jdk-21\bin\server\jvm.dll
0x00007ff8a9dd0000 - 0x00007ff8a9e3b000 	C:\WINDOWS\System32\WS2_32.dll
0x00007ff8a7620000 - 0x00007ff8a766b000 	C:\WINDOWS\SYSTEM32\POWRPROF.dll
0x00007ff8a05b0000 - 0x00007ff8a05d7000 	C:\WINDOWS\SYSTEM32\WINMM.dll
0x00007ff8a7570000 - 0x00007ff8a7582000 	C:\WINDOWS\SYSTEM32\UMPDC.dll
0x00007ff8a5d70000 - 0x00007ff8a5d82000 	C:\WINDOWS\SYSTEM32\kernel.appcore.dll
0x00007ff89a6a0000 - 0x00007ff89a6aa000 	C:\Program Files\Java\jdk-21\bin\jimage.dll
0x00007ff89db50000 - 0x00007ff89dd34000 	C:\WINDOWS\SYSTEM32\DBGHELP.DLL
0x00007ff895dc0000 - 0x00007ff895df4000 	C:\WINDOWS\SYSTEM32\dbgcore.DLL
0x00007ff8a7fb0000 - 0x00007ff8a8032000 	C:\WINDOWS\System32\bcryptPrimitives.dll
0x00007ff851c30000 - 0x00007ff851c4f000 	C:\Program Files\Java\jdk-21\bin\java.dll

dbghelp: loaded successfully - version: 4.0.5 - missing functions: none
symbol engine: initialized successfully - sym options: 0x614 - pdb path: .;C:\Program Files\Java\jdk-21\bin;C:\WINDOWS\SYSTEM32;C:\WINDOWS\WinSxS\amd64_microsoft.windows.common-controls_6595b64144ccf1df_6.0.19041.3636_none_60b6a03d71f818d5;C:\Program Files\Java\jdk-21\bin\server

VM Arguments:
jvm_args: -Dfile.encoding=UTF-8 -Dstdout.encoding=UTF-8 -Dstderr.encoding=UTF-8 -XX:+ShowCodeDetailsInExceptionMessages 
java_command: ui.Application
java_class_path (initial): C:\workplace\JWD70\Samostalno Vezbanje\testSportPass\bin;C:\workplace\JWD70\Samostalno Vezbanje\testSportPass\lb\mysql-connector-java-8.0.30.jar
Launcher Type: SUN_STANDARD

[Global flags]
     intx CICompilerCount                          = 4                                         {product} {ergonomic}
     uint ConcGCThreads                            = 3                                         {product} {ergonomic}
     uint G1ConcRefinementThreads                  = 10                                        {product} {ergonomic}
   size_t G1HeapRegionSize                         = 2097152                                   {product} {ergonomic}
    uintx GCDrainStackTargetSize                   = 64                                        {product} {ergonomic}
   size_t InitialHeapSize                          = 268435456                                 {product} {ergonomic}
   size_t MarkStackSize                            = 4194304                                   {product} {ergonomic}
   size_t MaxHeapSize                              = 4282384384                                {product} {ergonomic}
   size_t MinHeapDeltaBytes                        = 2097152                                   {product} {ergonomic}
   size_t MinHeapSize                              = 8388608                                   {product} {ergonomic}
    uintx NonNMethodCodeHeapSize                   = 5839372                                {pd product} {ergonomic}
    uintx NonProfiledCodeHeapSize                  = 122909434                              {pd product} {ergonomic}
    uintx ProfiledCodeHeapSize                     = 122909434                              {pd product} {ergonomic}
    uintx ReservedCodeCacheSize                    = 251658240                              {pd product} {ergonomic}
     bool SegmentedCodeCache                       = true                                      {product} {ergonomic}
     bool ShowCodeDetailsInExceptionMessages       = true                                   {manageable} {command line}
   size_t SoftMaxHeapSize                          = 4282384384                             {manageable} {ergonomic}
     bool UseCompressedOops                        = true                           {product lp64_product} {ergonomic}
     bool UseG1GC                                  = true                                      {product} {ergonomic}
     bool UseLargePagesIndividualAllocation        = false                                  {pd product} {ergonomic}

Logging:
Log output configuration:
 #0: stdout all=warning uptime,level,tags foldmultilines=false
 #1: stderr all=off uptime,level,tags foldmultilines=false

Environment Variables:
PATH=C:\Program Files\Common Files\Oracle\Java\javapath;C:\WINDOWS\system32;C:\WINDOWS;C:\WINDOWS\System32\Wbem;C:\WINDOWS\System32\WindowsPowerShell\v1.0\;C:\WINDOWS\System32\OpenSSH\;C:\Program Files (x86)\NVIDIA Corporation\PhysX\Common;H:\Microsoft VS Code\bin;C:\Program Files\dotnet\;G:\Java\jdk-21.0.1\bin;C:\Users\momir\AppData\Local\Programs\Python\Python311\Scripts\;C:\Users\momir\AppData\Local\Programs\Python\Python311\;C:\Users\momir\AppData\Local\Microsoft\WindowsApps;C:\Program Files\JetBrains\PyCharm Community Edition 2022.3.2\bin;;C:\Users\momir\AppData\Local\GitHubDesktop\bin
USERNAME=momir
OS=Windows_NT
PROCESSOR_IDENTIFIER=AMD64 Family 23 Model 8 Stepping 2, AuthenticAMD
TMP=C:\Users\momir\AppData\Local\Temp
TEMP=C:\Users\momir\AppData\Local\Temp




Periodic native trim disabled

---------------  S Y S T E M  ---------------

OS:
 Windows 10 , 64 bit Build 19041 (10.0.19041.3636)
OS uptime: 15 days 8:31 hours

CPU: total 12 (initial active 12) (12 cores per cpu, 2 threads per core) family 23 model 8 stepping 2 microcode 0x0, cx8, cmov, fxsr, ht, mmx, 3dnowpref, sse, sse2, sse3, ssse3, sse4a, sse4.1, sse4.2, popcnt, lzcnt, tsc, tscinvbit, avx, avx2, aes, clmul, bmi1, bmi2, adx, sha, fma, vzeroupper, clflush, clflushopt, rdtscp, f16c
Processor Information for all 12 processors :
  Max Mhz: 3200, Current Mhz: 3200, Mhz Limit: 3200

Memory: 4k page, system-wide physical 16332M (7405M free)
TotalPageFile size 18380M (AvailPageFile size 172M)
current process WorkingSet (physical memory assigned to process): 11M, peak: 11M
current process commit charge ("private bytes"): 64M, peak: 320M

vm_info: Java HotSpot(TM) 64-Bit Server VM (21.0.1+12-LTS-29) for windows-amd64 JRE (21.0.1+12-LTS-29), built on 2023-10-05T13:27:09Z by "mach5one" with MS VC++ 17.1 (VS2022)

END.
